{"C:\\Users\\jonathan\\Documents\\Desenvolvimento\\appnodepi\\controllers\\precos.js":{"path":"C:\\Users\\jonathan\\Documents\\Desenvolvimento\\appnodepi\\controllers\\precos.js","s":{"1":1,"2":1,"3":2,"4":2,"5":2,"6":2,"7":2,"8":20,"9":20,"10":20,"11":3,"12":3,"13":3,"14":3,"15":3,"16":3,"17":3,"18":3,"19":3,"20":3,"21":3,"22":3,"23":3,"24":3,"25":3,"26":3,"27":3,"28":3,"29":3,"30":3,"31":1,"32":1,"33":1,"34":1,"35":1,"36":1,"37":1,"38":1,"39":1,"40":1,"41":1,"42":1,"43":1,"44":1,"45":1,"46":1,"47":1,"48":1,"49":1,"50":1,"51":1,"52":1,"53":1,"54":1,"55":1,"56":1,"57":1,"58":1,"59":1,"60":1,"61":1,"62":1,"63":1,"64":1,"65":1,"66":1,"67":1,"68":1,"69":1,"70":1,"71":1,"72":1,"73":1,"74":1,"75":1,"76":1,"77":1,"78":1,"79":1,"80":1,"81":1,"82":1,"83":1,"84":1,"85":1,"86":1,"87":1,"88":1,"89":1,"90":1,"91":1,"92":1,"93":1,"94":1,"95":1,"96":1,"97":1,"98":1,"99":1,"100":1,"101":1,"102":1,"103":1,"104":1,"105":1,"106":1,"107":1,"108":1,"109":1,"110":1,"111":1,"112":1,"113":1,"114":1,"115":1,"116":1,"117":1,"118":1,"119":1,"120":1,"121":1,"122":1,"123":1,"124":1,"125":1,"126":1,"127":1,"128":1,"129":1,"130":1,"131":1,"132":1,"133":1,"134":1,"135":1,"136":1,"137":1,"138":1,"139":1,"140":1,"141":1,"142":1,"143":1,"144":1,"145":1,"146":1,"147":1,"148":1,"149":1,"150":1,"151":1,"152":1,"153":1,"154":1,"155":1,"156":1,"157":1,"158":1,"159":1,"160":1,"161":1,"162":1,"163":1,"164":1,"165":1,"166":1,"167":1,"168":1,"169":1,"170":1,"171":1,"172":1,"173":1,"174":1,"175":1,"176":1,"177":1,"178":1,"179":0,"180":0,"181":0,"182":0,"183":0,"184":0,"185":0,"186":0,"187":0,"188":0,"189":0,"190":0,"191":0,"192":0,"193":0,"194":0,"195":0,"196":0,"197":0,"198":0,"199":0,"200":0,"201":0,"202":0,"203":0,"204":0,"205":0,"206":0,"207":0,"208":0,"209":0,"210":1},"b":{"1":[0,0],"2":[0,0]},"f":{"1":1,"2":2,"3":20,"4":3,"5":3,"6":3,"7":3,"8":3,"9":3,"10":3,"11":3,"12":3,"13":3,"14":3,"15":3,"16":3,"17":3,"18":3,"19":3,"20":3,"21":3,"22":3,"23":3,"24":1,"25":1,"26":1,"27":1,"28":1,"29":1,"30":1,"31":1,"32":0,"33":0,"34":0,"35":0,"36":0,"37":0,"38":0,"39":0,"40":0,"41":0,"42":0,"43":0,"44":0,"45":0,"46":0,"47":0,"48":0,"49":0,"50":0,"51":0,"52":0,"53":0,"54":0,"55":0},"fnMap":{"1":{"name":"(anonymous_1)","line":1,"loc":{"start":{"line":1,"column":17},"end":{"line":1,"column":28}}},"2":{"name":"(anonymous_2)","line":4,"loc":{"start":{"line":4,"column":21},"end":{"line":4,"column":41}}},"3":{"name":"(anonymous_3)","line":17,"loc":{"start":{"line":17,"column":14},"end":{"line":17,"column":34}}},"4":{"name":"(anonymous_4)","line":25,"loc":{"start":{"line":25,"column":26},"end":{"line":25,"column":47}}},"5":{"name":"(anonymous_5)","line":29,"loc":{"start":{"line":29,"column":27},"end":{"line":29,"column":48}}},"6":{"name":"(anonymous_6)","line":33,"loc":{"start":{"line":33,"column":26},"end":{"line":33,"column":47}}},"7":{"name":"(anonymous_7)","line":37,"loc":{"start":{"line":37,"column":29},"end":{"line":37,"column":50}}},"8":{"name":"(anonymous_8)","line":41,"loc":{"start":{"line":41,"column":30},"end":{"line":41,"column":51}}},"9":{"name":"(anonymous_9)","line":45,"loc":{"start":{"line":45,"column":25},"end":{"line":45,"column":46}}},"10":{"name":"(anonymous_10)","line":49,"loc":{"start":{"line":49,"column":25},"end":{"line":49,"column":46}}},"11":{"name":"(anonymous_11)","line":53,"loc":{"start":{"line":53,"column":31},"end":{"line":53,"column":52}}},"12":{"name":"(anonymous_12)","line":57,"loc":{"start":{"line":57,"column":26},"end":{"line":57,"column":47}}},"13":{"name":"(anonymous_13)","line":61,"loc":{"start":{"line":61,"column":26},"end":{"line":61,"column":47}}},"14":{"name":"(anonymous_14)","line":65,"loc":{"start":{"line":65,"column":27},"end":{"line":65,"column":48}}},"15":{"name":"(anonymous_15)","line":69,"loc":{"start":{"line":69,"column":29},"end":{"line":69,"column":50}}},"16":{"name":"(anonymous_16)","line":73,"loc":{"start":{"line":73,"column":27},"end":{"line":73,"column":48}}},"17":{"name":"(anonymous_17)","line":77,"loc":{"start":{"line":77,"column":30},"end":{"line":77,"column":51}}},"18":{"name":"(anonymous_18)","line":81,"loc":{"start":{"line":81,"column":28},"end":{"line":81,"column":49}}},"19":{"name":"(anonymous_19)","line":85,"loc":{"start":{"line":85,"column":31},"end":{"line":85,"column":52}}},"20":{"name":"(anonymous_20)","line":89,"loc":{"start":{"line":89,"column":29},"end":{"line":89,"column":50}}},"21":{"name":"(anonymous_21)","line":93,"loc":{"start":{"line":93,"column":28},"end":{"line":93,"column":49}}},"22":{"name":"(anonymous_22)","line":97,"loc":{"start":{"line":97,"column":30},"end":{"line":97,"column":51}}},"23":{"name":"(anonymous_23)","line":101,"loc":{"start":{"line":101,"column":34},"end":{"line":101,"column":55}}},"24":{"name":"(anonymous_24)","line":105,"loc":{"start":{"line":105,"column":25},"end":{"line":105,"column":42}}},"25":{"name":"(anonymous_25)","line":120,"loc":{"start":{"line":120,"column":28},"end":{"line":120,"column":45}}},"26":{"name":"(anonymous_26)","line":135,"loc":{"start":{"line":135,"column":25},"end":{"line":135,"column":42}}},"27":{"name":"(anonymous_27)","line":155,"loc":{"start":{"line":155,"column":28},"end":{"line":155,"column":45}}},"28":{"name":"(anonymous_28)","line":175,"loc":{"start":{"line":175,"column":25},"end":{"line":175,"column":42}}},"29":{"name":"(anonymous_29)","line":200,"loc":{"start":{"line":200,"column":28},"end":{"line":200,"column":45}}},"30":{"name":"(anonymous_30)","line":225,"loc":{"start":{"line":225,"column":25},"end":{"line":225,"column":42}}},"31":{"name":"(anonymous_31)","line":255,"loc":{"start":{"line":255,"column":28},"end":{"line":255,"column":45}}},"32":{"name":"(anonymous_32)","line":286,"loc":{"start":{"line":286,"column":20},"end":{"line":286,"column":40}}},"33":{"name":"(anonymous_33)","line":294,"loc":{"start":{"line":294,"column":21},"end":{"line":294,"column":36}}},"34":{"name":"(anonymous_34)","line":307,"loc":{"start":{"line":307,"column":10},"end":{"line":307,"column":38}}},"35":{"name":"(anonymous_35)","line":311,"loc":{"start":{"line":311,"column":22},"end":{"line":311,"column":50}}},"36":{"name":"(anonymous_36)","line":315,"loc":{"start":{"line":315,"column":23},"end":{"line":315,"column":51}}},"37":{"name":"(anonymous_37)","line":319,"loc":{"start":{"line":319,"column":22},"end":{"line":319,"column":50}}},"38":{"name":"(anonymous_38)","line":323,"loc":{"start":{"line":323,"column":25},"end":{"line":323,"column":53}}},"39":{"name":"(anonymous_39)","line":327,"loc":{"start":{"line":327,"column":26},"end":{"line":327,"column":54}}},"40":{"name":"(anonymous_40)","line":331,"loc":{"start":{"line":331,"column":21},"end":{"line":331,"column":49}}},"41":{"name":"(anonymous_41)","line":335,"loc":{"start":{"line":335,"column":21},"end":{"line":335,"column":49}}},"42":{"name":"(anonymous_42)","line":339,"loc":{"start":{"line":339,"column":27},"end":{"line":339,"column":55}}},"43":{"name":"(anonymous_43)","line":343,"loc":{"start":{"line":343,"column":22},"end":{"line":343,"column":50}}},"44":{"name":"(anonymous_44)","line":347,"loc":{"start":{"line":347,"column":22},"end":{"line":347,"column":50}}},"45":{"name":"(anonymous_45)","line":351,"loc":{"start":{"line":351,"column":23},"end":{"line":351,"column":51}}},"46":{"name":"(anonymous_46)","line":355,"loc":{"start":{"line":355,"column":25},"end":{"line":355,"column":53}}},"47":{"name":"(anonymous_47)","line":359,"loc":{"start":{"line":359,"column":23},"end":{"line":359,"column":51}}},"48":{"name":"(anonymous_48)","line":363,"loc":{"start":{"line":363,"column":26},"end":{"line":363,"column":54}}},"49":{"name":"(anonymous_49)","line":367,"loc":{"start":{"line":367,"column":24},"end":{"line":367,"column":52}}},"50":{"name":"(anonymous_50)","line":371,"loc":{"start":{"line":371,"column":27},"end":{"line":371,"column":55}}},"51":{"name":"(anonymous_51)","line":375,"loc":{"start":{"line":375,"column":25},"end":{"line":375,"column":53}}},"52":{"name":"(anonymous_52)","line":379,"loc":{"start":{"line":379,"column":24},"end":{"line":379,"column":52}}},"53":{"name":"(anonymous_53)","line":383,"loc":{"start":{"line":383,"column":26},"end":{"line":383,"column":54}}},"54":{"name":"(anonymous_54)","line":387,"loc":{"start":{"line":387,"column":30},"end":{"line":387,"column":58}}},"55":{"name":"(anonymous_55)","line":393,"loc":{"start":{"line":393,"column":13},"end":{"line":393,"column":41}}}},"statementMap":{"1":{"start":{"line":1,"column":0},"end":{"line":404,"column":2}},"2":{"start":{"line":2,"column":1},"end":{"line":401,"column":3}},"3":{"start":{"line":5,"column":4},"end":{"line":5,"column":43}},"4":{"start":{"line":6,"column":4},"end":{"line":8,"column":6}},"5":{"start":{"line":10,"column":4},"end":{"line":10,"column":64}},"6":{"start":{"line":11,"column":4},"end":{"line":11,"column":35}},"7":{"start":{"line":13,"column":4},"end":{"line":13,"column":20}},"8":{"start":{"line":18,"column":5},"end":{"line":18,"column":55}},"9":{"start":{"line":20,"column":5},"end":{"line":20,"column":79}},"10":{"start":{"line":22,"column":5},"end":{"line":22,"column":22}},"11":{"start":{"line":26,"column":20},"end":{"line":26,"column":49}},"12":{"start":{"line":30,"column":20},"end":{"line":30,"column":49}},"13":{"start":{"line":34,"column":20},"end":{"line":34,"column":49}},"14":{"start":{"line":38,"column":20},"end":{"line":38,"column":49}},"15":{"start":{"line":42,"column":20},"end":{"line":42,"column":49}},"16":{"start":{"line":46,"column":20},"end":{"line":46,"column":49}},"17":{"start":{"line":50,"column":20},"end":{"line":50,"column":49}},"18":{"start":{"line":54,"column":20},"end":{"line":54,"column":49}},"19":{"start":{"line":58,"column":20},"end":{"line":58,"column":50}},"20":{"start":{"line":62,"column":20},"end":{"line":62,"column":49}},"21":{"start":{"line":66,"column":20},"end":{"line":66,"column":49}},"22":{"start":{"line":70,"column":20},"end":{"line":70,"column":49}},"23":{"start":{"line":74,"column":20},"end":{"line":74,"column":49}},"24":{"start":{"line":78,"column":20},"end":{"line":78,"column":50}},"25":{"start":{"line":82,"column":20},"end":{"line":82,"column":50}},"26":{"start":{"line":86,"column":20},"end":{"line":86,"column":49}},"27":{"start":{"line":90,"column":20},"end":{"line":90,"column":49}},"28":{"start":{"line":94,"column":20},"end":{"line":94,"column":49}},"29":{"start":{"line":98,"column":20},"end":{"line":98,"column":51}},"30":{"start":{"line":102,"column":20},"end":{"line":102,"column":51}},"31":{"start":{"line":106,"column":20},"end":{"line":106,"column":47}},"32":{"start":{"line":107,"column":20},"end":{"line":107,"column":31}},"33":{"start":{"line":108,"column":20},"end":{"line":108,"column":31}},"34":{"start":{"line":109,"column":20},"end":{"line":109,"column":31}},"35":{"start":{"line":110,"column":20},"end":{"line":110,"column":31}},"36":{"start":{"line":111,"column":20},"end":{"line":111,"column":31}},"37":{"start":{"line":112,"column":20},"end":{"line":112,"column":31}},"38":{"start":{"line":113,"column":20},"end":{"line":113,"column":31}},"39":{"start":{"line":114,"column":20},"end":{"line":114,"column":31}},"40":{"start":{"line":115,"column":20},"end":{"line":115,"column":31}},"41":{"start":{"line":117,"column":20},"end":{"line":117,"column":33}},"42":{"start":{"line":121,"column":20},"end":{"line":121,"column":47}},"43":{"start":{"line":122,"column":20},"end":{"line":122,"column":31}},"44":{"start":{"line":123,"column":20},"end":{"line":123,"column":31}},"45":{"start":{"line":124,"column":20},"end":{"line":124,"column":31}},"46":{"start":{"line":125,"column":20},"end":{"line":125,"column":31}},"47":{"start":{"line":126,"column":20},"end":{"line":126,"column":31}},"48":{"start":{"line":127,"column":20},"end":{"line":127,"column":31}},"49":{"start":{"line":128,"column":20},"end":{"line":128,"column":31}},"50":{"start":{"line":129,"column":20},"end":{"line":129,"column":31}},"51":{"start":{"line":130,"column":20},"end":{"line":130,"column":31}},"52":{"start":{"line":132,"column":20},"end":{"line":132,"column":33}},"53":{"start":{"line":136,"column":20},"end":{"line":136,"column":47}},"54":{"start":{"line":137,"column":20},"end":{"line":137,"column":31}},"55":{"start":{"line":138,"column":20},"end":{"line":138,"column":31}},"56":{"start":{"line":139,"column":20},"end":{"line":139,"column":31}},"57":{"start":{"line":140,"column":20},"end":{"line":140,"column":31}},"58":{"start":{"line":141,"column":20},"end":{"line":141,"column":31}},"59":{"start":{"line":142,"column":20},"end":{"line":142,"column":31}},"60":{"start":{"line":143,"column":20},"end":{"line":143,"column":31}},"61":{"start":{"line":144,"column":20},"end":{"line":144,"column":31}},"62":{"start":{"line":145,"column":20},"end":{"line":145,"column":31}},"63":{"start":{"line":146,"column":20},"end":{"line":146,"column":31}},"64":{"start":{"line":147,"column":20},"end":{"line":147,"column":31}},"65":{"start":{"line":148,"column":20},"end":{"line":148,"column":31}},"66":{"start":{"line":149,"column":20},"end":{"line":149,"column":31}},"67":{"start":{"line":150,"column":20},"end":{"line":150,"column":31}},"68":{"start":{"line":152,"column":20},"end":{"line":152,"column":33}},"69":{"start":{"line":156,"column":20},"end":{"line":156,"column":47}},"70":{"start":{"line":157,"column":20},"end":{"line":157,"column":31}},"71":{"start":{"line":158,"column":20},"end":{"line":158,"column":31}},"72":{"start":{"line":159,"column":20},"end":{"line":159,"column":31}},"73":{"start":{"line":160,"column":20},"end":{"line":160,"column":31}},"74":{"start":{"line":161,"column":20},"end":{"line":161,"column":31}},"75":{"start":{"line":162,"column":20},"end":{"line":162,"column":31}},"76":{"start":{"line":163,"column":20},"end":{"line":163,"column":31}},"77":{"start":{"line":164,"column":20},"end":{"line":164,"column":31}},"78":{"start":{"line":165,"column":20},"end":{"line":165,"column":31}},"79":{"start":{"line":166,"column":20},"end":{"line":166,"column":31}},"80":{"start":{"line":167,"column":20},"end":{"line":167,"column":31}},"81":{"start":{"line":168,"column":20},"end":{"line":168,"column":31}},"82":{"start":{"line":169,"column":20},"end":{"line":169,"column":31}},"83":{"start":{"line":170,"column":20},"end":{"line":170,"column":31}},"84":{"start":{"line":172,"column":20},"end":{"line":172,"column":33}},"85":{"start":{"line":176,"column":20},"end":{"line":176,"column":47}},"86":{"start":{"line":177,"column":20},"end":{"line":177,"column":31}},"87":{"start":{"line":178,"column":20},"end":{"line":178,"column":31}},"88":{"start":{"line":179,"column":20},"end":{"line":179,"column":31}},"89":{"start":{"line":180,"column":20},"end":{"line":180,"column":31}},"90":{"start":{"line":181,"column":20},"end":{"line":181,"column":31}},"91":{"start":{"line":182,"column":20},"end":{"line":182,"column":31}},"92":{"start":{"line":183,"column":20},"end":{"line":183,"column":31}},"93":{"start":{"line":184,"column":20},"end":{"line":184,"column":31}},"94":{"start":{"line":185,"column":20},"end":{"line":185,"column":31}},"95":{"start":{"line":186,"column":20},"end":{"line":186,"column":31}},"96":{"start":{"line":187,"column":20},"end":{"line":187,"column":31}},"97":{"start":{"line":188,"column":20},"end":{"line":188,"column":31}},"98":{"start":{"line":189,"column":20},"end":{"line":189,"column":31}},"99":{"start":{"line":190,"column":20},"end":{"line":190,"column":31}},"100":{"start":{"line":191,"column":20},"end":{"line":191,"column":31}},"101":{"start":{"line":192,"column":20},"end":{"line":192,"column":31}},"102":{"start":{"line":193,"column":20},"end":{"line":193,"column":31}},"103":{"start":{"line":194,"column":20},"end":{"line":194,"column":31}},"104":{"start":{"line":195,"column":20},"end":{"line":195,"column":31}},"105":{"start":{"line":197,"column":20},"end":{"line":197,"column":33}},"106":{"start":{"line":201,"column":20},"end":{"line":201,"column":47}},"107":{"start":{"line":202,"column":20},"end":{"line":202,"column":31}},"108":{"start":{"line":203,"column":20},"end":{"line":203,"column":31}},"109":{"start":{"line":204,"column":20},"end":{"line":204,"column":31}},"110":{"start":{"line":205,"column":20},"end":{"line":205,"column":31}},"111":{"start":{"line":206,"column":20},"end":{"line":206,"column":31}},"112":{"start":{"line":207,"column":20},"end":{"line":207,"column":31}},"113":{"start":{"line":208,"column":20},"end":{"line":208,"column":31}},"114":{"start":{"line":209,"column":20},"end":{"line":209,"column":31}},"115":{"start":{"line":210,"column":20},"end":{"line":210,"column":31}},"116":{"start":{"line":211,"column":20},"end":{"line":211,"column":31}},"117":{"start":{"line":212,"column":20},"end":{"line":212,"column":31}},"118":{"start":{"line":213,"column":20},"end":{"line":213,"column":31}},"119":{"start":{"line":214,"column":20},"end":{"line":214,"column":31}},"120":{"start":{"line":215,"column":20},"end":{"line":215,"column":31}},"121":{"start":{"line":216,"column":20},"end":{"line":216,"column":31}},"122":{"start":{"line":217,"column":20},"end":{"line":217,"column":31}},"123":{"start":{"line":218,"column":20},"end":{"line":218,"column":31}},"124":{"start":{"line":219,"column":20},"end":{"line":219,"column":31}},"125":{"start":{"line":220,"column":20},"end":{"line":220,"column":31}},"126":{"start":{"line":222,"column":20},"end":{"line":222,"column":33}},"127":{"start":{"line":226,"column":20},"end":{"line":226,"column":47}},"128":{"start":{"line":227,"column":20},"end":{"line":227,"column":31}},"129":{"start":{"line":228,"column":20},"end":{"line":228,"column":31}},"130":{"start":{"line":229,"column":20},"end":{"line":229,"column":31}},"131":{"start":{"line":230,"column":20},"end":{"line":230,"column":31}},"132":{"start":{"line":231,"column":20},"end":{"line":231,"column":31}},"133":{"start":{"line":232,"column":20},"end":{"line":232,"column":31}},"134":{"start":{"line":233,"column":20},"end":{"line":233,"column":31}},"135":{"start":{"line":234,"column":20},"end":{"line":234,"column":31}},"136":{"start":{"line":235,"column":20},"end":{"line":235,"column":31}},"137":{"start":{"line":236,"column":20},"end":{"line":236,"column":31}},"138":{"start":{"line":237,"column":20},"end":{"line":237,"column":31}},"139":{"start":{"line":238,"column":20},"end":{"line":238,"column":31}},"140":{"start":{"line":239,"column":20},"end":{"line":239,"column":31}},"141":{"start":{"line":240,"column":20},"end":{"line":240,"column":31}},"142":{"start":{"line":241,"column":20},"end":{"line":241,"column":31}},"143":{"start":{"line":242,"column":20},"end":{"line":242,"column":31}},"144":{"start":{"line":243,"column":20},"end":{"line":243,"column":31}},"145":{"start":{"line":244,"column":20},"end":{"line":244,"column":31}},"146":{"start":{"line":245,"column":20},"end":{"line":245,"column":31}},"147":{"start":{"line":246,"column":20},"end":{"line":246,"column":31}},"148":{"start":{"line":247,"column":20},"end":{"line":247,"column":31}},"149":{"start":{"line":248,"column":20},"end":{"line":248,"column":31}},"150":{"start":{"line":249,"column":20},"end":{"line":249,"column":31}},"151":{"start":{"line":250,"column":20},"end":{"line":250,"column":31}},"152":{"start":{"line":252,"column":20},"end":{"line":252,"column":33}},"153":{"start":{"line":256,"column":20},"end":{"line":256,"column":47}},"154":{"start":{"line":257,"column":20},"end":{"line":257,"column":31}},"155":{"start":{"line":258,"column":20},"end":{"line":258,"column":31}},"156":{"start":{"line":259,"column":20},"end":{"line":259,"column":31}},"157":{"start":{"line":260,"column":20},"end":{"line":260,"column":31}},"158":{"start":{"line":261,"column":20},"end":{"line":261,"column":31}},"159":{"start":{"line":262,"column":20},"end":{"line":262,"column":31}},"160":{"start":{"line":263,"column":20},"end":{"line":263,"column":31}},"161":{"start":{"line":264,"column":20},"end":{"line":264,"column":31}},"162":{"start":{"line":265,"column":20},"end":{"line":265,"column":31}},"163":{"start":{"line":266,"column":20},"end":{"line":266,"column":31}},"164":{"start":{"line":267,"column":20},"end":{"line":267,"column":31}},"165":{"start":{"line":268,"column":20},"end":{"line":268,"column":31}},"166":{"start":{"line":269,"column":20},"end":{"line":269,"column":31}},"167":{"start":{"line":270,"column":20},"end":{"line":270,"column":31}},"168":{"start":{"line":271,"column":20},"end":{"line":271,"column":31}},"169":{"start":{"line":272,"column":20},"end":{"line":272,"column":31}},"170":{"start":{"line":273,"column":20},"end":{"line":273,"column":31}},"171":{"start":{"line":274,"column":20},"end":{"line":274,"column":31}},"172":{"start":{"line":275,"column":20},"end":{"line":275,"column":31}},"173":{"start":{"line":276,"column":20},"end":{"line":276,"column":31}},"174":{"start":{"line":277,"column":20},"end":{"line":277,"column":31}},"175":{"start":{"line":278,"column":20},"end":{"line":278,"column":31}},"176":{"start":{"line":279,"column":20},"end":{"line":279,"column":31}},"177":{"start":{"line":280,"column":20},"end":{"line":280,"column":31}},"178":{"start":{"line":282,"column":20},"end":{"line":282,"column":33}},"179":{"start":{"line":287,"column":4},"end":{"line":289,"column":5}},"180":{"start":{"line":288,"column":5},"end":{"line":288,"column":34}},"181":{"start":{"line":291,"column":4},"end":{"line":291,"column":15}},"182":{"start":{"line":295,"column":4},"end":{"line":298,"column":6}},"183":{"start":{"line":300,"column":4},"end":{"line":300,"column":77}},"184":{"start":{"line":302,"column":4},"end":{"line":302,"column":21}},"185":{"start":{"line":308,"column":4},"end":{"line":308,"column":29}},"186":{"start":{"line":312,"column":4},"end":{"line":312,"column":32}},"187":{"start":{"line":316,"column":16},"end":{"line":316,"column":45}},"188":{"start":{"line":320,"column":16},"end":{"line":320,"column":44}},"189":{"start":{"line":324,"column":16},"end":{"line":324,"column":47}},"190":{"start":{"line":328,"column":16},"end":{"line":328,"column":48}},"191":{"start":{"line":332,"column":16},"end":{"line":332,"column":43}},"192":{"start":{"line":336,"column":16},"end":{"line":336,"column":43}},"193":{"start":{"line":340,"column":16},"end":{"line":340,"column":49}},"194":{"start":{"line":344,"column":16},"end":{"line":344,"column":44}},"195":{"start":{"line":348,"column":16},"end":{"line":348,"column":44}},"196":{"start":{"line":352,"column":16},"end":{"line":352,"column":45}},"197":{"start":{"line":356,"column":16},"end":{"line":356,"column":47}},"198":{"start":{"line":360,"column":16},"end":{"line":360,"column":45}},"199":{"start":{"line":364,"column":16},"end":{"line":364,"column":48}},"200":{"start":{"line":368,"column":16},"end":{"line":368,"column":46}},"201":{"start":{"line":372,"column":16},"end":{"line":372,"column":49}},"202":{"start":{"line":376,"column":16},"end":{"line":376,"column":47}},"203":{"start":{"line":380,"column":16},"end":{"line":380,"column":46}},"204":{"start":{"line":384,"column":16},"end":{"line":384,"column":48}},"205":{"start":{"line":388,"column":16},"end":{"line":388,"column":52}},"206":{"start":{"line":394,"column":16},"end":{"line":394,"column":80}},"207":{"start":{"line":395,"column":4},"end":{"line":395,"column":67}},"208":{"start":{"line":396,"column":16},"end":{"line":396,"column":78}},"209":{"start":{"line":398,"column":4},"end":{"line":398,"column":50}},"210":{"start":{"line":403,"column":1},"end":{"line":403,"column":19}}},"branchMap":{"1":{"line":287,"type":"if","locations":[{"start":{"line":287,"column":4},"end":{"line":287,"column":4}},{"start":{"line":287,"column":4},"end":{"line":287,"column":4}}]},"2":{"line":287,"type":"binary-expr","locations":[{"start":{"line":287,"column":7},"end":{"line":287,"column":16}},{"start":{"line":287,"column":20},"end":{"line":287,"column":36}}]}}}}